<?xml version="1.0" encoding="UTF-8"?>
<testng-results ignored="0" total="1" passed="1" failed="0" skipped="0">
  <reporter-output>
  </reporter-output>
  <suite started-at="2022-06-09T23:05:12 IST" name="Default suite" finished-at="2022-06-09T23:05:37 IST" duration-ms="25541">
    <groups>
    </groups>
    <test started-at="2022-06-09T23:05:12 IST" name="Default test" finished-at="2022-06-09T23:05:37 IST" duration-ms="25541">
      <class name="FirstTest">
        <test-method signature="verifyHomePage()[pri:0, instance:FirstTest@3967e60c]" started-at="2022-06-09T23:05:12 IST" name="verifyHomePage" finished-at="2022-06-09T23:05:37 IST" duration-ms="25521" status="PASS">
          <reporter-output>
          </reporter-output>
        </test-method> <!-- verifyHomePage -->
      </class> <!-- FirstTest -->
    </test> <!-- Default test -->
  </suite> <!-- Default suite -->
</testng-results>
